<?xml version="1.0" encoding="UTF-8"?>
<testng-results skipped="0" failed="1" total="23" passed="22">
  <reporter-output>
  </reporter-output>
  <suite name="Default suite" duration-ms="157964" started-at="2017-08-10T12:49:31Z" finished-at="2017-08-10T12:52:09Z">
    <groups>
    </groups>
    <test name="Default test" duration-ms="157964" started-at="2017-08-10T12:49:31Z" finished-at="2017-08-10T12:52:09Z">
      <class name="Executor.Execute">
        <test-method status="PASS" signature="getSteps(java.lang.String, java.lang.String, java.lang.String, java.lang.String, java.lang.String, java.lang.String, java.lang.String, java.lang.String, java.lang.String, java.lang.String)[pri:0, instance:Executor.Execute@6a4f787b]" name="getSteps" duration-ms="10522" started-at="2017-08-10T18:19:33Z" data-provider="hybridData" finished-at="2017-08-10T18:19:44Z">
          <params>
            <param index="0">
              <value>
                <![CDATA[DemoTest]]>
              </value>
            </param>
            <param index="1">
              <value>
                <![CDATA[1.0]]>
              </value>
            </param>
            <param index="2">
              <value>
                <![CDATA[Open the Brower and Login]]>
              </value>
            </param>
            <param index="3">
              <value>
                <![CDATA[LaunchBrowser]]>
              </value>
            </param>
            <param index="4">
              <value>
                <![CDATA[NA]]>
              </value>
            </param>
            <param index="5">
              <value>
                <![CDATA[https://proxima-ln4.e-emphasys.com:8441/webui/servlet/login]]>
              </value>
            </param>
            <param index="6">
              <value>
                <![CDATA[Chrome]]>
              </value>
            </param>
            <param index="7">
              <value>
                <![CDATA[rgajbhiye]]>
              </value>
            </param>
            <param index="8">
              <value>
                <![CDATA[Robin#123]]>
              </value>
            </param>
            <param index="9">
              <value>
                <![CDATA[NA]]>
              </value>
            </param>
          </params>
          <reporter-output>
          </reporter-output>
        </test-method> <!-- getSteps -->
        <test-method status="PASS" signature="getSteps(java.lang.String, java.lang.String, java.lang.String, java.lang.String, java.lang.String, java.lang.String, java.lang.String, java.lang.String, java.lang.String, java.lang.String)[pri:0, instance:Executor.Execute@6a4f787b]" name="getSteps" duration-ms="5471" started-at="2017-08-10T18:19:44Z" data-provider="hybridData" finished-at="2017-08-10T18:19:49Z">
          <params>
            <param index="0">
              <value>
                <![CDATA[DemoTest]]>
              </value>
            </param>
            <param index="1">
              <value>
                <![CDATA[2.0]]>
              </value>
            </param>
            <param index="2">
              <value>
                <![CDATA[Open Part Sales Order MultiOCC]]>
              </value>
            </param>
            <param index="3">
              <value>
                <![CDATA[OpenSession]]>
              </value>
            </param>
            <param index="4">
              <value>
                <![CDATA[NA]]>
              </value>
            </param>
            <param index="5">
              <value>
                <![CDATA[tdsls4500m002]]>
              </value>
            </param>
            <param index="6">
              <value>
                <![CDATA[NA]]>
              </value>
            </param>
            <param index="7">
              <value>
                <![CDATA[NA]]>
              </value>
            </param>
            <param index="8">
              <value>
                <![CDATA[NA]]>
              </value>
            </param>
            <param index="9">
              <value>
                <![CDATA[NA]]>
              </value>
            </param>
          </params>
          <reporter-output>
          </reporter-output>
        </test-method> <!-- getSteps -->
        <test-method status="PASS" signature="getSteps(java.lang.String, java.lang.String, java.lang.String, java.lang.String, java.lang.String, java.lang.String, java.lang.String, java.lang.String, java.lang.String, java.lang.String)[pri:0, instance:Executor.Execute@6a4f787b]" name="getSteps" duration-ms="4184" started-at="2017-08-10T18:19:49Z" data-provider="hybridData" finished-at="2017-08-10T18:19:53Z">
          <params>
            <param index="0">
              <value>
                <![CDATA[DemoTest]]>
              </value>
            </param>
            <param index="1">
              <value>
                <![CDATA[3.0]]>
              </value>
            </param>
            <param index="2">
              <value>
                <![CDATA[Click on New Button]]>
              </value>
            </param>
            <param index="3">
              <value>
                <![CDATA[Click]]>
              </value>
            </param>
            <param index="4">
              <value>
                <![CDATA[tdsls4500m002-0-button-std-file.new]]>
              </value>
            </param>
            <param index="5">
              <value>
                <![CDATA[NA]]>
              </value>
            </param>
            <param index="6">
              <value>
                <![CDATA[NA]]>
              </value>
            </param>
            <param index="7">
              <value>
                <![CDATA[NA]]>
              </value>
            </param>
            <param index="8">
              <value>
                <![CDATA[NA]]>
              </value>
            </param>
            <param index="9">
              <value>
                <![CDATA[NA]]>
              </value>
            </param>
          </params>
          <reporter-output>
          </reporter-output>
        </test-method> <!-- getSteps -->
        <test-method status="PASS" signature="getSteps(java.lang.String, java.lang.String, java.lang.String, java.lang.String, java.lang.String, java.lang.String, java.lang.String, java.lang.String, java.lang.String, java.lang.String)[pri:0, instance:Executor.Execute@6a4f787b]" name="getSteps" duration-ms="3683" started-at="2017-08-10T18:19:53Z" data-provider="hybridData" finished-at="2017-08-10T18:19:57Z">
          <params>
            <param index="0">
              <value>
                <![CDATA[DemoTest]]>
              </value>
            </param>
            <param index="1">
              <value>
                <![CDATA[4.0]]>
              </value>
            </param>
            <param index="2">
              <value>
                <![CDATA[Enter Customer]]>
              </value>
            </param>
            <param index="3">
              <value>
                <![CDATA[EnterText]]>
              </value>
            </param>
            <param index="4">
              <value>
                <![CDATA[tdtre4101m002-1-tdsls400.ofbp-1-lookup-widget]]>
              </value>
            </param>
            <param index="5">
              <value>
                <![CDATA[M00000182]]>
              </value>
            </param>
            <param index="6">
              <value>
                <![CDATA[NA]]>
              </value>
            </param>
            <param index="7">
              <value>
                <![CDATA[NA]]>
              </value>
            </param>
            <param index="8">
              <value>
                <![CDATA[NA]]>
              </value>
            </param>
            <param index="9">
              <value>
                <![CDATA[NA]]>
              </value>
            </param>
          </params>
          <reporter-output>
          </reporter-output>
        </test-method> <!-- getSteps -->
        <test-method status="PASS" signature="getSteps(java.lang.String, java.lang.String, java.lang.String, java.lang.String, java.lang.String, java.lang.String, java.lang.String, java.lang.String, java.lang.String, java.lang.String)[pri:0, instance:Executor.Execute@6a4f787b]" name="getSteps" duration-ms="4230" started-at="2017-08-10T18:19:57Z" data-provider="hybridData" finished-at="2017-08-10T18:20:01Z">
          <params>
            <param index="0">
              <value>
                <![CDATA[DemoTest]]>
              </value>
            </param>
            <param index="1">
              <value>
                <![CDATA[5.0]]>
              </value>
            </param>
            <param index="2">
              <value>
                <![CDATA[Click on Save Button]]>
              </value>
            </param>
            <param index="3">
              <value>
                <![CDATA[Click]]>
              </value>
            </param>
            <param index="4">
              <value>
                <![CDATA[tdtre4101m002-1-button-std-file.save]]>
              </value>
            </param>
            <param index="5">
              <value>
                <![CDATA[NA]]>
              </value>
            </param>
            <param index="6">
              <value>
                <![CDATA[NA]]>
              </value>
            </param>
            <param index="7">
              <value>
                <![CDATA[NA]]>
              </value>
            </param>
            <param index="8">
              <value>
                <![CDATA[NA]]>
              </value>
            </param>
            <param index="9">
              <value>
                <![CDATA[NA]]>
              </value>
            </param>
          </params>
          <reporter-output>
          </reporter-output>
        </test-method> <!-- getSteps -->
        <test-method status="PASS" signature="getSteps(java.lang.String, java.lang.String, java.lang.String, java.lang.String, java.lang.String, java.lang.String, java.lang.String, java.lang.String, java.lang.String, java.lang.String)[pri:0, instance:Executor.Execute@6a4f787b]" name="getSteps" duration-ms="481" started-at="2017-08-10T18:20:01Z" data-provider="hybridData" finished-at="2017-08-10T18:20:02Z">
          <params>
            <param index="0">
              <value>
                <![CDATA[DemoTest]]>
              </value>
            </param>
            <param index="1">
              <value>
                <![CDATA[6.0]]>
              </value>
            </param>
            <param index="2">
              <value>
                <![CDATA[Get the Sale Order Number]]>
              </value>
            </param>
            <param index="3">
              <value>
                <![CDATA[GetText]]>
              </value>
            </param>
            <param index="4">
              <value>
                <![CDATA[tdtre4101m002-1-tdsls400.orno-15-lookup-widget]]>
              </value>
            </param>
            <param index="5">
              <value>
                <![CDATA[NA]]>
              </value>
            </param>
            <param index="6">
              <value>
                <![CDATA[NA]]>
              </value>
            </param>
            <param index="7">
              <value>
                <![CDATA[NA]]>
              </value>
            </param>
            <param index="8">
              <value>
                <![CDATA[NA]]>
              </value>
            </param>
            <param index="9">
              <value>
                <![CDATA[PS0049381]]>
              </value>
            </param>
          </params>
          <reporter-output>
          </reporter-output>
        </test-method> <!-- getSteps -->
        <test-method status="PASS" signature="getSteps(java.lang.String, java.lang.String, java.lang.String, java.lang.String, java.lang.String, java.lang.String, java.lang.String, java.lang.String, java.lang.String, java.lang.String)[pri:0, instance:Executor.Execute@6a4f787b]" name="getSteps" duration-ms="531" started-at="2017-08-10T18:20:02Z" data-provider="hybridData" finished-at="2017-08-10T18:20:02Z">
          <params>
            <param index="0">
              <value>
                <![CDATA[DemoTest]]>
              </value>
            </param>
            <param index="1">
              <value>
                <![CDATA[7.0]]>
              </value>
            </param>
            <param index="2">
              <value>
                <![CDATA[Get the Screenshot]]>
              </value>
            </param>
            <param index="3">
              <value>
                <![CDATA[TakeScreenshot]]>
              </value>
            </param>
            <param index="4">
              <value>
                <![CDATA[NA]]>
              </value>
            </param>
            <param index="5">
              <value>
                <![CDATA[J7]]>
              </value>
            </param>
            <param index="6">
              <value>
                <![CDATA[NA]]>
              </value>
            </param>
            <param index="7">
              <value>
                <![CDATA[NA]]>
              </value>
            </param>
            <param index="8">
              <value>
                <![CDATA[NA]]>
              </value>
            </param>
            <param index="9">
              <value>
                <![CDATA[NA]]>
              </value>
            </param>
          </params>
          <reporter-output>
          </reporter-output>
        </test-method> <!-- getSteps -->
        <test-method status="PASS" signature="getSteps(java.lang.String, java.lang.String, java.lang.String, java.lang.String, java.lang.String, java.lang.String, java.lang.String, java.lang.String, java.lang.String, java.lang.String)[pri:0, instance:Executor.Execute@6a4f787b]" name="getSteps" duration-ms="1193" started-at="2017-08-10T18:20:02Z" data-provider="hybridData" finished-at="2017-08-10T18:20:03Z">
          <params>
            <param index="0">
              <value>
                <![CDATA[DemoTest]]>
              </value>
            </param>
            <param index="1">
              <value>
                <![CDATA[8.0]]>
              </value>
            </param>
            <param index="2">
              <value>
                <![CDATA[Drag]]>
              </value>
            </param>
            <param index="3">
              <value>
                <![CDATA[Drag]]>
              </value>
            </param>
            <param index="4">
              <value>
                <![CDATA[NA]]>
              </value>
            </param>
            <param index="5">
              <value>
                <![CDATA[NA]]>
              </value>
            </param>
            <param index="6">
              <value>
                <![CDATA[NA]]>
              </value>
            </param>
            <param index="7">
              <value>
                <![CDATA[NA]]>
              </value>
            </param>
            <param index="8">
              <value>
                <![CDATA[NA]]>
              </value>
            </param>
            <param index="9">
              <value>
                <![CDATA[NA]]>
              </value>
            </param>
          </params>
          <reporter-output>
          </reporter-output>
        </test-method> <!-- getSteps -->
        <test-method status="PASS" signature="getSteps(java.lang.String, java.lang.String, java.lang.String, java.lang.String, java.lang.String, java.lang.String, java.lang.String, java.lang.String, java.lang.String, java.lang.String)[pri:0, instance:Executor.Execute@6a4f787b]" name="getSteps" duration-ms="19051" started-at="2017-08-10T18:20:03Z" data-provider="hybridData" finished-at="2017-08-10T18:20:22Z">
          <params>
            <param index="0">
              <value>
                <![CDATA[DemoTest]]>
              </value>
            </param>
            <param index="1">
              <value>
                <![CDATA[9.0]]>
              </value>
            </param>
            <param index="2">
              <value>
                <![CDATA[Add part line 1]]>
              </value>
            </param>
            <param index="3">
              <value>
                <![CDATA[AddPartLine]]>
              </value>
            </param>
            <param index="4">
              <value>
                <![CDATA[NA]]>
              </value>
            </param>
            <param index="5">
              <value>
                <![CDATA[1.0]]>
              </value>
            </param>
            <param index="6">
              <value>
                <![CDATA[KP3]]>
              </value>
            </param>
            <param index="7">
              <value>
                <![CDATA[1.0]]>
              </value>
            </param>
            <param index="8">
              <value>
                <![CDATA[NA]]>
              </value>
            </param>
            <param index="9">
              <value>
                <![CDATA[NA]]>
              </value>
            </param>
          </params>
          <reporter-output>
          </reporter-output>
        </test-method> <!-- getSteps -->
        <test-method status="PASS" signature="getSteps(java.lang.String, java.lang.String, java.lang.String, java.lang.String, java.lang.String, java.lang.String, java.lang.String, java.lang.String, java.lang.String, java.lang.String)[pri:0, instance:Executor.Execute@6a4f787b]" name="getSteps" duration-ms="47" started-at="2017-08-10T18:20:22Z" data-provider="hybridData" finished-at="2017-08-10T18:20:22Z">
          <params>
            <param index="0">
              <value>
                <![CDATA[DemoTest1]]>
              </value>
            </param>
            <param index="1">
              <value>
                <![CDATA[10.0]]>
              </value>
            </param>
            <param index="2">
              <value>
                <![CDATA[Add part line 2]]>
              </value>
            </param>
            <param index="3">
              <value>
                <![CDATA[AddPartLine]]>
              </value>
            </param>
            <param index="4">
              <value>
                <![CDATA[NA]]>
              </value>
            </param>
            <param index="5">
              <value>
                <![CDATA[2.0]]>
              </value>
            </param>
            <param index="6">
              <value>
                <![CDATA[KP4]]>
              </value>
            </param>
            <param index="7">
              <value>
                <![CDATA[2.0]]>
              </value>
            </param>
            <param index="8">
              <value>
                <![CDATA[NA]]>
              </value>
            </param>
            <param index="9">
              <value>
                <![CDATA[NA]]>
              </value>
            </param>
          </params>
          <reporter-output>
          </reporter-output>
        </test-method> <!-- getSteps -->
        <test-method status="PASS" signature="getSteps(java.lang.String, java.lang.String, java.lang.String, java.lang.String, java.lang.String, java.lang.String, java.lang.String, java.lang.String, java.lang.String, java.lang.String)[pri:0, instance:Executor.Execute@6a4f787b]" name="getSteps" duration-ms="36" started-at="2017-08-10T18:20:22Z" data-provider="hybridData" finished-at="2017-08-10T18:20:23Z">
          <params>
            <param index="0">
              <value>
                <![CDATA[DemoTest1]]>
              </value>
            </param>
            <param index="1">
              <value>
                <![CDATA[11.0]]>
              </value>
            </param>
            <param index="2">
              <value>
                <![CDATA[Add part line 3]]>
              </value>
            </param>
            <param index="3">
              <value>
                <![CDATA[AddPartLine]]>
              </value>
            </param>
            <param index="4">
              <value>
                <![CDATA[NA]]>
              </value>
            </param>
            <param index="5">
              <value>
                <![CDATA[3.0]]>
              </value>
            </param>
            <param index="6">
              <value>
                <![CDATA[KP5]]>
              </value>
            </param>
            <param index="7">
              <value>
                <![CDATA[3.0]]>
              </value>
            </param>
            <param index="8">
              <value>
                <![CDATA[NA]]>
              </value>
            </param>
            <param index="9">
              <value>
                <![CDATA[NA]]>
              </value>
            </param>
          </params>
          <reporter-output>
          </reporter-output>
        </test-method> <!-- getSteps -->
        <test-method status="PASS" signature="getSteps(java.lang.String, java.lang.String, java.lang.String, java.lang.String, java.lang.String, java.lang.String, java.lang.String, java.lang.String, java.lang.String, java.lang.String)[pri:0, instance:Executor.Execute@6a4f787b]" name="getSteps" duration-ms="32" started-at="2017-08-10T18:20:23Z" data-provider="hybridData" finished-at="2017-08-10T18:20:23Z">
          <params>
            <param index="0">
              <value>
                <![CDATA[DemoTest1]]>
              </value>
            </param>
            <param index="1">
              <value>
                <![CDATA[12.0]]>
              </value>
            </param>
            <param index="2">
              <value>
                <![CDATA[Add part line 4]]>
              </value>
            </param>
            <param index="3">
              <value>
                <![CDATA[AddPartLine]]>
              </value>
            </param>
            <param index="4">
              <value>
                <![CDATA[NA]]>
              </value>
            </param>
            <param index="5">
              <value>
                <![CDATA[4.0]]>
              </value>
            </param>
            <param index="6">
              <value>
                <![CDATA[KP6]]>
              </value>
            </param>
            <param index="7">
              <value>
                <![CDATA[4.0]]>
              </value>
            </param>
            <param index="8">
              <value>
                <![CDATA[NA]]>
              </value>
            </param>
            <param index="9">
              <value>
                <![CDATA[NA]]>
              </value>
            </param>
          </params>
          <reporter-output>
          </reporter-output>
        </test-method> <!-- getSteps -->
        <test-method status="PASS" signature="getSteps(java.lang.String, java.lang.String, java.lang.String, java.lang.String, java.lang.String, java.lang.String, java.lang.String, java.lang.String, java.lang.String, java.lang.String)[pri:0, instance:Executor.Execute@6a4f787b]" name="getSteps" duration-ms="4235" started-at="2017-08-10T18:20:23Z" data-provider="hybridData" finished-at="2017-08-10T18:20:27Z">
          <params>
            <param index="0">
              <value>
                <![CDATA[DemoTest]]>
              </value>
            </param>
            <param index="1">
              <value>
                <![CDATA[13.0]]>
              </value>
            </param>
            <param index="2">
              <value>
                <![CDATA[Click On Action Button]]>
              </value>
            </param>
            <param index="3">
              <value>
                <![CDATA[Click]]>
              </value>
            </param>
            <param index="4">
              <value>
                <![CDATA[tdtre4101m002-1-button-std:action]]>
              </value>
            </param>
            <param index="5">
              <value>
                <![CDATA[NA]]>
              </value>
            </param>
            <param index="6">
              <value>
                <![CDATA[NA]]>
              </value>
            </param>
            <param index="7">
              <value>
                <![CDATA[NA]]>
              </value>
            </param>
            <param index="8">
              <value>
                <![CDATA[NA]]>
              </value>
            </param>
            <param index="9">
              <value>
                <![CDATA[NA]]>
              </value>
            </param>
          </params>
          <reporter-output>
          </reporter-output>
        </test-method> <!-- getSteps -->
        <test-method status="PASS" signature="getSteps(java.lang.String, java.lang.String, java.lang.String, java.lang.String, java.lang.String, java.lang.String, java.lang.String, java.lang.String, java.lang.String, java.lang.String)[pri:0, instance:Executor.Execute@6a4f787b]" name="getSteps" duration-ms="4159" started-at="2017-08-10T18:20:27Z" data-provider="hybridData" finished-at="2017-08-10T18:20:31Z">
          <params>
            <param index="0">
              <value>
                <![CDATA[DemoTest]]>
              </value>
            </param>
            <param index="1">
              <value>
                <![CDATA[14.0]]>
              </value>
            </param>
            <param index="2">
              <value>
                <![CDATA[Click on Pick and Pack]]>
              </value>
            </param>
            <param index="3">
              <value>
                <![CDATA[Click]]>
              </value>
            </param>
            <param index="4">
              <value>
                <![CDATA[tdtre4101m002-1-menu-std:action-form-pick.and.pack-label]]>
              </value>
            </param>
            <param index="5">
              <value>
                <![CDATA[NA]]>
              </value>
            </param>
            <param index="6">
              <value>
                <![CDATA[NA]]>
              </value>
            </param>
            <param index="7">
              <value>
                <![CDATA[NA]]>
              </value>
            </param>
            <param index="8">
              <value>
                <![CDATA[NA]]>
              </value>
            </param>
            <param index="9">
              <value>
                <![CDATA[NA]]>
              </value>
            </param>
          </params>
          <reporter-output>
          </reporter-output>
        </test-method> <!-- getSteps -->
        <test-method status="PASS" signature="getSteps(java.lang.String, java.lang.String, java.lang.String, java.lang.String, java.lang.String, java.lang.String, java.lang.String, java.lang.String, java.lang.String, java.lang.String)[pri:0, instance:Executor.Execute@6a4f787b]" name="getSteps" duration-ms="4203" started-at="2017-08-10T18:20:31Z" data-provider="hybridData" finished-at="2017-08-10T18:20:35Z">
          <params>
            <param index="0">
              <value>
                <![CDATA[DemoTest]]>
              </value>
            </param>
            <param index="1">
              <value>
                <![CDATA[15.0]]>
              </value>
            </param>
            <param index="2">
              <value>
                <![CDATA[Click on location option]]>
              </value>
            </param>
            <param index="3">
              <value>
                <![CDATA[Click]]>
              </value>
            </param>
            <param index="4">
              <value>
                <![CDATA[dlg-tdtre4101m002-1-input-button-1-label]]>
              </value>
            </param>
            <param index="5">
              <value>
                <![CDATA[NA]]>
              </value>
            </param>
            <param index="6">
              <value>
                <![CDATA[NA]]>
              </value>
            </param>
            <param index="7">
              <value>
                <![CDATA[NA]]>
              </value>
            </param>
            <param index="8">
              <value>
                <![CDATA[NA]]>
              </value>
            </param>
            <param index="9">
              <value>
                <![CDATA[NA]]>
              </value>
            </param>
          </params>
          <reporter-output>
          </reporter-output>
        </test-method> <!-- getSteps -->
        <test-method status="PASS" signature="getSteps(java.lang.String, java.lang.String, java.lang.String, java.lang.String, java.lang.String, java.lang.String, java.lang.String, java.lang.String, java.lang.String, java.lang.String)[pri:0, instance:Executor.Execute@6a4f787b]" name="getSteps" duration-ms="10032" started-at="2017-08-10T18:20:35Z" data-provider="hybridData" finished-at="2017-08-10T18:20:45Z">
          <params>
            <param index="0">
              <value>
                <![CDATA[DemoTest]]>
              </value>
            </param>
            <param index="1">
              <value>
                <![CDATA[16.0]]>
              </value>
            </param>
            <param index="2">
              <value>
                <![CDATA[wait for 10 seconds]]>
              </value>
            </param>
            <param index="3">
              <value>
                <![CDATA[Wait]]>
              </value>
            </param>
            <param index="4">
              <value>
                <![CDATA[NA]]>
              </value>
            </param>
            <param index="5">
              <value>
                <![CDATA[10000.0]]>
              </value>
            </param>
            <param index="6">
              <value>
                <![CDATA[NA]]>
              </value>
            </param>
            <param index="7">
              <value>
                <![CDATA[NA]]>
              </value>
            </param>
            <param index="8">
              <value>
                <![CDATA[NA]]>
              </value>
            </param>
            <param index="9">
              <value>
                <![CDATA[NA]]>
              </value>
            </param>
          </params>
          <reporter-output>
          </reporter-output>
        </test-method> <!-- getSteps -->
        <test-method status="PASS" signature="getSteps(java.lang.String, java.lang.String, java.lang.String, java.lang.String, java.lang.String, java.lang.String, java.lang.String, java.lang.String, java.lang.String, java.lang.String)[pri:0, instance:Executor.Execute@6a4f787b]" name="getSteps" duration-ms="43376" started-at="2017-08-10T18:20:45Z" data-provider="hybridData" finished-at="2017-08-10T18:21:29Z">
          <params>
            <param index="0">
              <value>
                <![CDATA[DemoTest]]>
              </value>
            </param>
            <param index="1">
              <value>
                <![CDATA[17.0]]>
              </value>
            </param>
            <param index="2">
              <value>
                <![CDATA[get mauc for first part]]>
              </value>
            </param>
            <param index="3">
              <value>
                <![CDATA[GetTheMauc]]>
              </value>
            </param>
            <param index="4">
              <value>
                <![CDATA[NA]]>
              </value>
            </param>
            <param index="5">
              <value>
                <![CDATA[KP3]]>
              </value>
            </param>
            <param index="6">
              <value>
                <![CDATA[wh001]]>
              </value>
            </param>
            <param index="7">
              <value>
                <![CDATA[NA]]>
              </value>
            </param>
            <param index="8">
              <value>
                <![CDATA[NA]]>
              </value>
            </param>
            <param index="9">
              <value>
                <![CDATA[4.44]]>
              </value>
            </param>
          </params>
          <reporter-output>
          </reporter-output>
        </test-method> <!-- getSteps -->
        <test-method status="FAIL" signature="getSteps(java.lang.String, java.lang.String, java.lang.String, java.lang.String, java.lang.String, java.lang.String, java.lang.String, java.lang.String, java.lang.String, java.lang.String)[pri:0, instance:Executor.Execute@6a4f787b]" name="getSteps" duration-ms="40510" started-at="2017-08-10T18:21:29Z" data-provider="hybridData" finished-at="2017-08-10T18:22:09Z">
          <params>
            <param index="0">
              <value>
                <![CDATA[DemoTest]]>
              </value>
            </param>
            <param index="1">
              <value>
                <![CDATA[18.0]]>
              </value>
            </param>
            <param index="2">
              <value>
                <![CDATA[Check issue entry for first part]]>
              </value>
            </param>
            <param index="3">
              <value>
                <![CDATA[GetFinTransAmt]]>
              </value>
            </param>
            <param index="4">
              <value>
                <![CDATA[NA]]>
              </value>
            </param>
            <param index="5">
              <value>
                <![CDATA[Parts (Sales)]]>
              </value>
            </param>
            <param index="6">
              <value>
                <![CDATA[J7]]>
              </value>
            </param>
            <param index="7">
              <value>
                <![CDATA[10.0]]>
              </value>
            </param>
            <param index="8">
              <value>
                <![CDATA[Issue]]>
              </value>
            </param>
            <param index="9">
              <value>
                <![CDATA[2.22]]>
              </value>
            </param>
          </params>
          <exception class="java.lang.IndexOutOfBoundsException">
            <message>
              <![CDATA[Index: 71, Size: 71]]>
            </message>
            <full-stacktrace>
              <![CDATA[java.lang.IndexOutOfBoundsException: Index: 71, Size: 71
	at java.util.ArrayList.rangeCheck(ArrayList.java:653)
	at java.util.ArrayList.get(ArrayList.java:429)
	at AppKeywords.getFinTransAmt.getFinTransAmount(getFinTransAmt.java:50)
	at Executor.ExecuteKeywords.ExecuteTheKeywords(ExecuteKeywords.java:73)
	at Executor.Execute.getSteps(Execute.java:17)
	at sun.reflect.GeneratedMethodAccessor2.invoke(Unknown Source)
	at sun.reflect.DelegatingMethodAccessorImpl.invoke(DelegatingMethodAccessorImpl.java:43)
	at java.lang.reflect.Method.invoke(Method.java:497)
	at org.testng.internal.MethodInvocationHelper.invokeMethod(MethodInvocationHelper.java:85)
	at org.testng.internal.Invoker.invokeMethod(Invoker.java:639)
	at org.testng.internal.Invoker.invokeTestMethod(Invoker.java:821)
	at org.testng.internal.Invoker.invokeTestMethods(Invoker.java:1131)
	at org.testng.internal.TestMethodWorker.invokeTestMethods(TestMethodWorker.java:124)
	at org.testng.internal.TestMethodWorker.run(TestMethodWorker.java:108)
	at org.testng.TestRunner.privateRun(TestRunner.java:773)
	at org.testng.TestRunner.run(TestRunner.java:623)
	at org.testng.SuiteRunner.runTest(SuiteRunner.java:357)
	at org.testng.SuiteRunner.runSequentially(SuiteRunner.java:352)
	at org.testng.SuiteRunner.privateRun(SuiteRunner.java:310)
	at org.testng.SuiteRunner.run(SuiteRunner.java:259)
	at org.testng.SuiteRunnerWorker.runSuite(SuiteRunnerWorker.java:52)
	at org.testng.SuiteRunnerWorker.run(SuiteRunnerWorker.java:86)
	at org.testng.TestNG.runSuitesSequentially(TestNG.java:1185)
	at org.testng.TestNG.runSuitesLocally(TestNG.java:1110)
	at org.testng.TestNG.run(TestNG.java:1018)
	at org.testng.remote.AbstractRemoteTestNG.run(AbstractRemoteTestNG.java:126)
	at org.testng.remote.RemoteTestNG.initAndRun(RemoteTestNG.java:137)
	at org.testng.remote.RemoteTestNG.main(RemoteTestNG.java:58)
]]>
            </full-stacktrace>
          </exception> <!-- java.lang.IndexOutOfBoundsException -->
          <reporter-output>
          </reporter-output>
        </test-method> <!-- getSteps -->
        <test-method status="PASS" signature="getSteps(java.lang.String, java.lang.String, java.lang.String, java.lang.String, java.lang.String, java.lang.String, java.lang.String, java.lang.String, java.lang.String, java.lang.String)[pri:0, instance:Executor.Execute@6a4f787b]" name="getSteps" duration-ms="17" started-at="2017-08-10T18:22:09Z" data-provider="hybridData" finished-at="2017-08-10T18:22:09Z">
          <params>
            <param index="0">
              <value>
                <![CDATA[DemoTest]]>
              </value>
            </param>
            <param index="1">
              <value>
                <![CDATA[19.0]]>
              </value>
            </param>
            <param index="2">
              <value>
                <![CDATA[Compare Mauc and isssue]]>
              </value>
            </param>
            <param index="3">
              <value>
                <![CDATA[Assert]]>
              </value>
            </param>
            <param index="4">
              <value>
                <![CDATA[NA]]>
              </value>
            </param>
            <param index="5">
              <value>
                <![CDATA[J18]]>
              </value>
            </param>
            <param index="6">
              <value>
                <![CDATA[J19]]>
              </value>
            </param>
            <param index="7">
              <value>
                <![CDATA[NA]]>
              </value>
            </param>
            <param index="8">
              <value>
                <![CDATA[NA]]>
              </value>
            </param>
            <param index="9">
              <value>
                <![CDATA[NA]]>
              </value>
            </param>
          </params>
          <reporter-output>
          </reporter-output>
        </test-method> <!-- getSteps -->
        <test-method status="PASS" signature="getSteps(java.lang.String, java.lang.String, java.lang.String, java.lang.String, java.lang.String, java.lang.String, java.lang.String, java.lang.String, java.lang.String, java.lang.String)[pri:0, instance:Executor.Execute@6a4f787b]" name="getSteps" duration-ms="27" started-at="2017-08-10T18:22:09Z" data-provider="hybridData" finished-at="2017-08-10T18:22:09Z">
          <params>
            <param index="0">
              <value>
                <![CDATA[DemoTest1]]>
              </value>
            </param>
            <param index="1">
              <value>
                <![CDATA[20.0]]>
              </value>
            </param>
            <param index="2">
              <value>
                <![CDATA[get mauc for Second part]]>
              </value>
            </param>
            <param index="3">
              <value>
                <![CDATA[GetTheMauc]]>
              </value>
            </param>
            <param index="4">
              <value>
                <![CDATA[NA]]>
              </value>
            </param>
            <param index="5">
              <value>
                <![CDATA[KP4]]>
              </value>
            </param>
            <param index="6">
              <value>
                <![CDATA[wh001]]>
              </value>
            </param>
            <param index="7">
              <value>
                <![CDATA[NA]]>
              </value>
            </param>
            <param index="8">
              <value>
                <![CDATA[8.0]]>
              </value>
            </param>
            <param index="9">
              <value>
                <![CDATA[NA]]>
              </value>
            </param>
          </params>
          <reporter-output>
          </reporter-output>
        </test-method> <!-- getSteps -->
        <test-method status="PASS" signature="getSteps(java.lang.String, java.lang.String, java.lang.String, java.lang.String, java.lang.String, java.lang.String, java.lang.String, java.lang.String, java.lang.String, java.lang.String)[pri:0, instance:Executor.Execute@6a4f787b]" name="getSteps" duration-ms="18" started-at="2017-08-10T18:22:09Z" data-provider="hybridData" finished-at="2017-08-10T18:22:09Z">
          <params>
            <param index="0">
              <value>
                <![CDATA[DemoTest1]]>
              </value>
            </param>
            <param index="1">
              <value>
                <![CDATA[21.0]]>
              </value>
            </param>
            <param index="2">
              <value>
                <![CDATA[get mauc for Third part]]>
              </value>
            </param>
            <param index="3">
              <value>
                <![CDATA[GetTheMauc]]>
              </value>
            </param>
            <param index="4">
              <value>
                <![CDATA[NA]]>
              </value>
            </param>
            <param index="5">
              <value>
                <![CDATA[KP5]]>
              </value>
            </param>
            <param index="6">
              <value>
                <![CDATA[wh001]]>
              </value>
            </param>
            <param index="7">
              <value>
                <![CDATA[NA]]>
              </value>
            </param>
            <param index="8">
              <value>
                <![CDATA[11.0]]>
              </value>
            </param>
            <param index="9">
              <value>
                <![CDATA[NA]]>
              </value>
            </param>
          </params>
          <reporter-output>
          </reporter-output>
        </test-method> <!-- getSteps -->
        <test-method status="PASS" signature="getSteps(java.lang.String, java.lang.String, java.lang.String, java.lang.String, java.lang.String, java.lang.String, java.lang.String, java.lang.String, java.lang.String, java.lang.String)[pri:0, instance:Executor.Execute@6a4f787b]" name="getSteps" duration-ms="18" started-at="2017-08-10T18:22:09Z" data-provider="hybridData" finished-at="2017-08-10T18:22:09Z">
          <params>
            <param index="0">
              <value>
                <![CDATA[DemoTest1]]>
              </value>
            </param>
            <param index="1">
              <value>
                <![CDATA[22.0]]>
              </value>
            </param>
            <param index="2">
              <value>
                <![CDATA[get mauc for Fourth part]]>
              </value>
            </param>
            <param index="3">
              <value>
                <![CDATA[GetTheMauc]]>
              </value>
            </param>
            <param index="4">
              <value>
                <![CDATA[NA]]>
              </value>
            </param>
            <param index="5">
              <value>
                <![CDATA[KP6]]>
              </value>
            </param>
            <param index="6">
              <value>
                <![CDATA[wh001]]>
              </value>
            </param>
            <param index="7">
              <value>
                <![CDATA[NA]]>
              </value>
            </param>
            <param index="8">
              <value>
                <![CDATA[14.0]]>
              </value>
            </param>
            <param index="9">
              <value>
                <![CDATA[NA]]>
              </value>
            </param>
          </params>
          <reporter-output>
          </reporter-output>
        </test-method> <!-- getSteps -->
        <test-method status="PASS" signature="getSteps(java.lang.String, java.lang.String, java.lang.String, java.lang.String, java.lang.String, java.lang.String, java.lang.String, java.lang.String, java.lang.String, java.lang.String)[pri:0, instance:Executor.Execute@6a4f787b]" name="getSteps" duration-ms="45" started-at="2017-08-10T18:22:09Z" data-provider="hybridData" finished-at="2017-08-10T18:22:09Z">
          <params>
            <param index="0">
              <value>
                <![CDATA[DemoTest1]]>
              </value>
            </param>
            <param index="1">
              <value>
                <![CDATA[23.0]]>
              </value>
            </param>
            <param index="2">
              <value>
                <![CDATA[Get part issue]]>
              </value>
            </param>
            <param index="3">
              <value>
                <![CDATA[GetFinTransAmt]]>
              </value>
            </param>
            <param index="4">
              <value>
                <![CDATA[na]]>
              </value>
            </param>
            <param index="5">
              <value>
                <![CDATA[Parts (Sales)]]>
              </value>
            </param>
            <param index="6">
              <value>
                <![CDATA[J7]]>
              </value>
            </param>
            <param index="7">
              <value>
                <![CDATA[10.0]]>
              </value>
            </param>
            <param index="8">
              <value>
                <![CDATA[Issue]]>
              </value>
            </param>
            <param index="9">
              <value>
                <![CDATA[NA]]>
              </value>
            </param>
          </params>
          <reporter-output>
          </reporter-output>
        </test-method> <!-- getSteps -->
      </class> <!-- Executor.Execute -->
    </test> <!-- Default test -->
  </suite> <!-- Default suite -->
</testng-results>
